<?xml version="1.0" encoding="UTF-8"?>
<!-- Generated by org.testng.reporters.JUnitReportReporter -->
<testsuite skipped="0" hostname="Khalids-MacBook-Pro.local" name="test.pages.HomePageTest" tests="12" failures="0" timestamp="03 Jan 2019 01:22:12 GMT" time="68.577" errors="0">
  <testcase name="invalidSignIn" time="5.453" classname="test.pages.HomePageTest"/>
  <testcase name="invalidSignIn" time="6.209" classname="test.pages.HomePageTest"/>
  <testcase name="invalidSignIn" time="6.197" classname="test.pages.HomePageTest"/>
  <testcase name="invalidSignIn" time="5.155" classname="test.pages.HomePageTest"/>
  <testcase name="invalidSignIn" time="6.271" classname="test.pages.HomePageTest"/>
  <testcase name="invalidSignIn" time="4.805" classname="test.pages.HomePageTest"/>
  <testcase name="invalidSignIn" time="6.084" classname="test.pages.HomePageTest"/>
  <testcase name="invalidSignIn" time="5.554" classname="test.pages.HomePageTest"/>
  <testcase name="invalidSignIn" time="6.990" classname="test.pages.HomePageTest"/>
  <testcase name="invalidSignIn" time="5.840" classname="test.pages.HomePageTest"/>
  <testcase name="invalidSignIn" time="5.055" classname="test.pages.HomePageTest"/>
  <testcase name="invalidSignIn" time="4.964" classname="test.pages.HomePageTest"/>
</testsuite> <!-- test.pages.HomePageTest -->
